<?xml version="1.0" encoding="UTF-8"?>
<testsuite name="FormatterTest" tests="1" skipped="0" failures="0" errors="0" timestamp="2020-12-17T10:46:32" hostname="DESKTOP-P88O7Q1" time="0.017">
  <properties/>
  <testcase name="format()" classname="FormatterTest" time="0.017"/>
  <system-out><![CDATA[]]></system-out>
  <system-err><![CDATA[]]></system-err>
</testsuite>
